Determining if the pthread_create exist failed with the following output:
Change Dir: /home/maverickp/zhongkongbei_cmake/cmake-build-debug/CMakeFiles/CMakeTmp

Run Build Command:"/usr/bin/make" "cmTC_50cfc/fast"
/usr/bin/make -f CMakeFiles/cmTC_50cfc.dir/build.make CMakeFiles/cmTC_50cfc.dir/build
make[1]: Entering directory '/home/maverickp/zhongkongbei_cmake/cmake-build-debug/CMakeFiles/CMakeTmp'
Building C object CMakeFiles/cmTC_50cfc.dir/CheckSymbolExists.c.o
/usr/bin/cc    -o CMakeFiles/cmTC_50cfc.dir/CheckSymbolExists.c.o   -c /home/maverickp/zhongkongbei_cmake/cmake-build-debug/CMakeFiles/CMakeTmp/CheckSymbolExists.c
Linking C executable cmTC_50cfc
/home/maverickp/clion-2017.3.3/bin/cmake/bin/cmake -E cmake_link_script CMakeFiles/cmTC_50cfc.dir/link.txt --verbose=1
/usr/bin/cc      -rdynamic CMakeFiles/cmTC_50cfc.dir/CheckSymbolExists.c.o  -o cmTC_50cfc 
CMakeFiles/cmTC_50cfc.dir/CheckSymbolExists.c.o：在函数‘main’中：
CheckSymbolExists.c:(.text+0x16)：对‘pthread_create’未定义的引用
collect2: error: ld returned 1 exit status
CMakeFiles/cmTC_50cfc.dir/build.make:97: recipe for target 'cmTC_50cfc' failed
make[1]: *** [cmTC_50cfc] Error 1
make[1]: Leaving directory '/home/maverickp/zhongkongbei_cmake/cmake-build-debug/CMakeFiles/CMakeTmp'
Makefile:126: recipe for target 'cmTC_50cfc/fast' failed
make: *** [cmTC_50cfc/fast] Error 2

File /home/maverickp/zhongkongbei_cmake/cmake-build-debug/CMakeFiles/CMakeTmp/CheckSymbolExists.c:
/* */
#include <pthread.h>

int main(int argc, char** argv)
{
  (void)argv;
#ifndef pthread_create
  return ((int*)(&pthread_create))[argc];
#else
  (void)argc;
  return 0;
#endif
}

Determining if the function pthread_create exists in the pthreads failed with the following output:
Change Dir: /home/maverickp/zhongkongbei_cmake/cmake-build-debug/CMakeFiles/CMakeTmp

Run Build Command:"/usr/bin/make" "cmTC_30d93/fast"
/usr/bin/make -f CMakeFiles/cmTC_30d93.dir/build.make CMakeFiles/cmTC_30d93.dir/build
make[1]: Entering directory '/home/maverickp/zhongkongbei_cmake/cmake-build-debug/CMakeFiles/CMakeTmp'
Building C object CMakeFiles/cmTC_30d93.dir/CheckFunctionExists.c.o
/usr/bin/cc   -DCHECK_FUNCTION_EXISTS=pthread_create   -o CMakeFiles/cmTC_30d93.dir/CheckFunctionExists.c.o   -c /home/maverickp/clion-2017.3.3/bin/cmake/share/cmake-3.9/Modules/CheckFunctionExists.c
Linking C executable cmTC_30d93
/home/maverickp/clion-2017.3.3/bin/cmake/bin/cmake -E cmake_link_script CMakeFiles/cmTC_30d93.dir/link.txt --verbose=1
/usr/bin/cc  -DCHECK_FUNCTION_EXISTS=pthread_create    -rdynamic CMakeFiles/cmTC_30d93.dir/CheckFunctionExists.c.o  -o cmTC_30d93 -lpthreads 
/usr/bin/ld: 找不到 -lpthreads
collect2: error: ld returned 1 exit status
CMakeFiles/cmTC_30d93.dir/build.make:97: recipe for target 'cmTC_30d93' failed
make[1]: *** [cmTC_30d93] Error 1
make[1]: Leaving directory '/home/maverickp/zhongkongbei_cmake/cmake-build-debug/CMakeFiles/CMakeTmp'
Makefile:126: recipe for target 'cmTC_30d93/fast' failed
make: *** [cmTC_30d93/fast] Error 2


